  PL3.cpp
c:\users\user\onedrive\pl資料夾\pl_project3\pl3\pl3\pl3.cpp(275): warning C4018: '>': signed/unsigned 不相符
c:\users\user\onedrive\pl資料夾\pl_project3\pl3\pl3\pl3.cpp(301): warning C4018: '<': signed/unsigned 不相符
c:\users\user\onedrive\pl資料夾\pl_project3\pl3\pl3\pl3.cpp(1092): warning C4018: '<': signed/unsigned 不相符
c:\users\user\onedrive\pl資料夾\pl_project3\pl3\pl3\pl3.cpp(1168): warning C4018: '<': signed/unsigned 不相符
c:\users\user\onedrive\pl資料夾\pl_project3\pl3\pl3\pl3.cpp(1332): warning C4018: '<': signed/unsigned 不相符
c:\users\user\onedrive\pl資料夾\pl_project3\pl3\pl3\pl3.cpp(1517): warning C4018: '<': signed/unsigned 不相符
c:\users\user\onedrive\pl資料夾\pl_project3\pl3\pl3\pl3.cpp(2452): warning C4244: '=': 將 'double' 轉換為 'int'，由於類型不同，可能導致資料遺失
c:\users\user\onedrive\pl資料夾\pl_project3\pl3\pl3\pl3.cpp(2515): warning C4244: '=': 將 'double' 轉換為 'int'，由於類型不同，可能導致資料遺失
c:\users\user\onedrive\pl資料夾\pl_project3\pl3\pl3\pl3.cpp(2584): warning C4244: '=': 將 'double' 轉換為 'int'，由於類型不同，可能導致資料遺失
c:\users\user\onedrive\pl資料夾\pl_project3\pl3\pl3\pl3.cpp(2605): warning C4244: '=': 將 'double' 轉換為 'int'，由於類型不同，可能導致資料遺失
c:\users\user\onedrive\pl資料夾\pl_project3\pl3\pl3\pl3.cpp(3126): warning C4244: '=': 將 'double' 轉換為 'int'，由於類型不同，可能導致資料遺失
c:\users\user\onedrive\pl資料夾\pl_project3\pl3\pl3\pl3.cpp(3169): warning C4244: '=': 將 'double' 轉換為 'int'，由於類型不同，可能導致資料遺失
c:\users\user\onedrive\pl資料夾\pl_project3\pl3\pl3\pl3.cpp(3175): warning C4244: '=': 將 'double' 轉換為 'int'，由於類型不同，可能導致資料遺失
c:\users\user\onedrive\pl資料夾\pl_project3\pl3\pl3\pl3.cpp(3295): warning C4244: '正在初始化': 將 'double' 轉換為 'int'，由於類型不同，可能導致資料遺失
c:\users\user\onedrive\pl資料夾\pl_project3\pl3\pl3\pl3.cpp(3516): warning C4244: '=': 將 'double' 轉換為 'int'，由於類型不同，可能導致資料遺失
c:\users\user\onedrive\pl資料夾\pl_project3\pl3\pl3\pl3.cpp(3496): warning C4101: 'value': 未參考的區域變數
c:\users\user\onedrive\pl資料夾\pl_project3\pl3\pl3\pl3.cpp(3770): warning C4244: '=': 將 'double' 轉換為 'int'，由於類型不同，可能導致資料遺失
c:\users\user\onedrive\pl資料夾\pl_project3\pl3\pl3\pl3.cpp(3802): warning C4244: '=': 將 'double' 轉換為 'int'，由於類型不同，可能導致資料遺失
c:\users\user\onedrive\pl資料夾\pl_project3\pl3\pl3\pl3.cpp(3833): warning C4244: '=': 將 'double' 轉換為 'int'，由於類型不同，可能導致資料遺失
c:\users\user\onedrive\pl資料夾\pl_project3\pl3\pl3\pl3.cpp(3896): warning C4244: '=': 將 'double' 轉換為 'int'，由於類型不同，可能導致資料遺失
c:\users\user\onedrive\pl資料夾\pl_project3\pl3\pl3\pl3.cpp(3926): warning C4244: '=': 將 'double' 轉換為 'int'，由於類型不同，可能導致資料遺失
c:\users\user\onedrive\pl資料夾\pl_project3\pl3\pl3\pl3.cpp(3996): warning C4244: '=': 將 'double' 轉換為 'int'，由於類型不同，可能導致資料遺失
c:\users\user\onedrive\pl資料夾\pl_project3\pl3\pl3\pl3.cpp(4080): warning C4244: '=': 將 'double' 轉換為 'int'，由於類型不同，可能導致資料遺失
c:\users\user\onedrive\pl資料夾\pl_project3\pl3\pl3\pl3.cpp(4158): warning C4244: '=': 將 'double' 轉換為 'int'，由於類型不同，可能導致資料遺失
c:\users\user\onedrive\pl資料夾\pl_project3\pl3\pl3\pl3.cpp(4225): warning C4244: '=': 將 'double' 轉換為 'int'，由於類型不同，可能導致資料遺失
c:\users\user\onedrive\pl資料夾\pl_project3\pl3\pl3\pl3.cpp(4303): warning C4244: '=': 將 'double' 轉換為 'int'，由於類型不同，可能導致資料遺失
c:\users\user\onedrive\pl資料夾\pl_project3\pl3\pl3\pl3.cpp(4311): warning C4244: '正在初始化': 將 'double' 轉換為 'int'，由於類型不同，可能導致資料遺失
c:\users\user\onedrive\pl資料夾\pl_project3\pl3\pl3\pl3.cpp(4341): warning C4244: '=': 將 'double' 轉換為 'int'，由於類型不同，可能導致資料遺失
c:\users\user\onedrive\pl資料夾\pl_project3\pl3\pl3\pl3.cpp(4348): warning C4244: '正在初始化': 將 'double' 轉換為 'int'，由於類型不同，可能導致資料遺失
c:\users\user\onedrive\pl資料夾\pl_project3\pl3\pl3\pl3.cpp(4379): warning C4244: '=': 將 'double' 轉換為 'int'，由於類型不同，可能導致資料遺失
c:\users\user\onedrive\pl資料夾\pl_project3\pl3\pl3\pl3.cpp(4436): warning C4244: '=': 將 'double' 轉換為 'int'，由於類型不同，可能導致資料遺失
c:\users\user\onedrive\pl資料夾\pl_project3\pl3\pl3\pl3.cpp(4497): warning C4244: '=': 將 'double' 轉換為 'int'，由於類型不同，可能導致資料遺失
c:\users\user\onedrive\pl資料夾\pl_project3\pl3\pl3\pl3.cpp(4523): warning C4244: '正在初始化': 將 'double' 轉換為 'int'，由於類型不同，可能導致資料遺失
c:\users\user\onedrive\pl資料夾\pl_project3\pl3\pl3\pl3.cpp(4606): warning C4244: '=': 將 'double' 轉換為 'int'，由於類型不同，可能導致資料遺失
c:\users\user\onedrive\pl資料夾\pl_project3\pl3\pl3\pl3.cpp(4773): warning C4244: '=': 將 'double' 轉換為 'int'，由於類型不同，可能導致資料遺失
c:\users\user\onedrive\pl資料夾\pl_project3\pl3\pl3\pl3.cpp(5034): warning C4244: '=': 將 'double' 轉換為 'int'，由於類型不同，可能導致資料遺失
c:\users\user\onedrive\pl資料夾\pl_project3\pl3\pl3\pl3.cpp(4957): warning C4101: 'c': 未參考的區域變數
  正在產生程式碼
  All 597 functions were compiled because no usable IPDB/IOBJ from previous compilation was found.
  已完成程式碼產生
  PL3.vcxproj -> C:\Users\User\OneDrive\PL資料夾\PL_project3\PL3\Release\PL3.exe
